Using pre-set license
Built from '2020.2/release' branch; Version is '2020.2.0f1 (3721df5a8b28) revision 3613151'; Using compiler version '192528614'; Build Type 'Release'
OS: 'Windows 10  (10.0.0) 64bit' Language: 'en' Physical Memory: 32677 MB
BatchMode: 1, IsHumanControllingUs: 0, StartBugReporterOnCrash: 0, Is64bit: 1, IsPro: 0

 COMMAND LINE ARGUMENTS:
C:\Program Files\Unity\Hub\Editor\2020.2.0f1\Editor\Unity.exe
-adb2
-batchMode
-noUpm
-name
AssetImportWorker0
-projectPath
D:/GBCs5/GAME3110 Multiplayer Systems/A1/SimplestServer/SimplestServer
-logFile
Logs/AssetImportWorker0.log
-srvPort
62450
Successfully changed project path to: D:/GBCs5/GAME3110 Multiplayer Systems/A1/SimplestServer/SimplestServer
D:/GBCs5/GAME3110 Multiplayer Systems/A1/SimplestServer/SimplestServer
Using Asset Import Pipeline V2.
Refreshing native plugins compatible for Editor in 25.20 ms, found 1 plugins.
Preloading 0 native plugins for Editor in 0.00 ms.
Initialize engine version: 2020.2.0f1 (3721df5a8b28)
[Subsystems] Discovering subsystems at path C:/Program Files/Unity/Hub/Editor/2020.2.0f1/Editor/Data/Resources/UnitySubsystems
[Subsystems] Discovering subsystems at path D:/GBCs5/GAME3110 Multiplayer Systems/A1/SimplestServer/SimplestServer/Assets
GfxDevice: creating device client; threaded=0
Direct3D:
    Version:  Direct3D 11.0 [level 11.1]
    Renderer: NVIDIA GeForce RTX 3080 Ti (ID=0x2208)
    Vendor:   
    VRAM:     12108 MB
    Driver:   30.0.14.9649
Initialize mono
Mono path[0] = 'C:/Program Files/Unity/Hub/Editor/2020.2.0f1/Editor/Data/Managed'
Mono path[1] = 'C:/Program Files/Unity/Hub/Editor/2020.2.0f1/Editor/Data/MonoBleedingEdge/lib/mono/unityjit'
Mono config path = 'C:/Program Files/Unity/Hub/Editor/2020.2.0f1/Editor/Data/MonoBleedingEdge/etc'
Using monoOptions --debugger-agent=transport=dt_socket,embedding=1,server=y,suspend=n,address=127.0.0.1:56720
Begin MonoManager ReloadAssembly
Registering precompiled unity dll's ...
Register platform support module: C:/Program Files/Unity/Hub/Editor/2020.2.0f1/Editor/Data/PlaybackEngines/WebGLSupport/UnityEditor.WebGL.Extensions.dll
Register platform support module: C:/Program Files/Unity/Hub/Editor/2020.2.0f1/Editor/Data/PlaybackEngines/WindowsStandaloneSupport/UnityEditor.WindowsStandalone.Extensions.dll
Registered in 0.001718 seconds.
Native extension for WindowsStandalone target not found
Native extension for WebGL target not found
Refreshing native plugins compatible for Editor in 33.30 ms, found 1 plugins.
Preloading 0 native plugins for Editor in 0.00 ms.
Invoked RoslynAnalysisRunner static constructor.
RoslynAnalysisRunner will not be running.
RoslynAnalysisRunner has terminated.
Mono: successfully reloaded assembly
- Completed reload, in  1.116 seconds
Platform modules already initialized, skipping
Registering precompiled user dll's ...
Registered in 0.000837 seconds.
Begin MonoManager ReloadAssembly
Native extension for WindowsStandalone target not found
Native extension for WebGL target not found
Refreshing native plugins compatible for Editor in 27.12 ms, found 1 plugins.
Preloading 0 native plugins for Editor in 0.00 ms.
Invoked RoslynAnalysisRunner static constructor.
RoslynAnalysisRunner will not be running.
RoslynAnalysisRunner has terminated.
Mono: successfully reloaded assembly
- Completed reload, in  0.911 seconds
Platform modules already initialized, skipping
========================================================================
Worker process is ready to serve import requests
Launched and connected shader compiler UnityShaderCompiler.exe after 0.17 seconds
Refreshing native plugins compatible for Editor in 0.34 ms, found 1 plugins.
Preloading 0 native plugins for Editor in 0.00 ms.
Unloading 1788 Unused Serialized files (Serialized files now loaded: 0)
System memory in use before: 83.6 MB.
System memory in use after: 83.6 MB.

Unloading 24 unused Assets to reduce memory usage. Loaded Objects now: 2228.
Total: 1.734927 ms (FindLiveObjects: 0.181238 ms CreateObjectMapping: 0.037854 ms MarkObjects: 1.412260 ms  DeleteObjects: 0.096521 ms)

========================================================================
Received Import Request.
  path: Assets/NetworkedServer.cs
  artifactKey: Guid(2a32208fc33a343fa844dd2ff64b9e18) Importer(815301076,1909f56bfc062723c751e8b465ee728b)
Start importing Assets/NetworkedServer.cs using Guid(2a32208fc33a343fa844dd2ff64b9e18) Importer(815301076,1909f56bfc062723c751e8b465ee728b)  -> (artifact id: 'e1987f05026a55fc098927b68376c280') in 0.034247 seconds
  Import took 0.036754 seconds .

========================================================================
Received Import Request.
  Time since last request: 725.578607 seconds.
  path: Assets/NetworkedServer.cs
  artifactKey: Guid(2a32208fc33a343fa844dd2ff64b9e18) Importer(815301076,1909f56bfc062723c751e8b465ee728b)
Start importing Assets/NetworkedServer.cs using Guid(2a32208fc33a343fa844dd2ff64b9e18) Importer(815301076,1909f56bfc062723c751e8b465ee728b)  -> (artifact id: 'cd3c4dbac9156ce3ab3c1cc6fbc92e73') in 0.018500 seconds
  Import took 0.021739 seconds .

========================================================================
Received Prepare
Registering precompiled user dll's ...
Registered in 0.000487 seconds.
Begin MonoManager ReloadAssembly
Native extension for WindowsStandalone target not found
Native extension for WebGL target not found
Refreshing native plugins compatible for Editor in 0.35 ms, found 1 plugins.
Preloading 0 native plugins for Editor in 0.00 ms.
Invoked RoslynAnalysisRunner static constructor.
RoslynAnalysisRunner will not be running.
RoslynAnalysisRunner has terminated.
Mono: successfully reloaded assembly
- Completed reload, in  0.819 seconds
Platform modules already initialized, skipping
Refreshing native plugins compatible for Editor in 0.33 ms, found 1 plugins.
Preloading 0 native plugins for Editor in 0.00 ms.
Unloading 1783 Unused Serialized files (Serialized files now loaded: 0)
System memory in use before: 83.7 MB.
System memory in use after: 83.6 MB.

Unloading 12 unused Assets to reduce memory usage. Loaded Objects now: 2231.
Total: 1.675841 ms (FindLiveObjects: 0.220419 ms CreateObjectMapping: 0.036457 ms MarkObjects: 1.332222 ms  DeleteObjects: 0.078990 ms)

========================================================================
Received Prepare
Registering precompiled user dll's ...
Registered in 0.000558 seconds.
Begin MonoManager ReloadAssembly
Native extension for WindowsStandalone target not found
Native extension for WebGL target not found
Refreshing native plugins compatible for Editor in 0.32 ms, found 1 plugins.
Preloading 0 native plugins for Editor in 0.00 ms.
Invoked RoslynAnalysisRunner static constructor.
RoslynAnalysisRunner will not be running.
RoslynAnalysisRunner has terminated.
Mono: successfully reloaded assembly
- Completed reload, in  0.730 seconds
Platform modules already initialized, skipping
Refreshing native plugins compatible for Editor in 0.31 ms, found 1 plugins.
Preloading 0 native plugins for Editor in 0.00 ms.
Unloading 1783 Unused Serialized files (Serialized files now loaded: 0)
System memory in use before: 83.7 MB.
System memory in use after: 83.7 MB.

Unloading 12 unused Assets to reduce memory usage. Loaded Objects now: 2234.
Total: 1.832356 ms (FindLiveObjects: 0.292844 ms CreateObjectMapping: 0.038762 ms MarkObjects: 1.408000 ms  DeleteObjects: 0.084648 ms)

========================================================================
Received Import Request.
  Time since last request: 5762.455995 seconds.
  path: Assets/NetworkedServer.cs
  artifactKey: Guid(2a32208fc33a343fa844dd2ff64b9e18) Importer(815301076,1909f56bfc062723c751e8b465ee728b)
Start importing Assets/NetworkedServer.cs using Guid(2a32208fc33a343fa844dd2ff64b9e18) Importer(815301076,1909f56bfc062723c751e8b465ee728b)  -> (artifact id: '1cb92caa865fbda805f4b1eb741b2850') in 0.021046 seconds
  Import took 0.023234 seconds .

========================================================================
Received Prepare
Registering precompiled user dll's ...
Registered in 0.000487 seconds.
Begin MonoManager ReloadAssembly
Native extension for WindowsStandalone target not found
Native extension for WebGL target not found
Refreshing native plugins compatible for Editor in 0.33 ms, found 1 plugins.
Preloading 0 native plugins for Editor in 0.00 ms.
Invoked RoslynAnalysisRunner static constructor.
RoslynAnalysisRunner will not be running.
RoslynAnalysisRunner has terminated.
Mono: successfully reloaded assembly
- Completed reload, in  0.726 seconds
Platform modules already initialized, skipping
Refreshing native plugins compatible for Editor in 0.26 ms, found 1 plugins.
Preloading 0 native plugins for Editor in 0.00 ms.
Unloading 1783 Unused Serialized files (Serialized files now loaded: 0)
System memory in use before: 83.8 MB.
System memory in use after: 83.8 MB.

Unloading 12 unused Assets to reduce memory usage. Loaded Objects now: 2237.
Total: 1.823835 ms (FindLiveObjects: 0.172159 ms CreateObjectMapping: 0.035060 ms MarkObjects: 1.521492 ms  DeleteObjects: 0.087022 ms)

========================================================================
Received Import Request.
  Time since last request: 865.828820 seconds.
  path: Assets/NetworkedServer.cs
  artifactKey: Guid(2a32208fc33a343fa844dd2ff64b9e18) Importer(815301076,1909f56bfc062723c751e8b465ee728b)
Start importing Assets/NetworkedServer.cs using Guid(2a32208fc33a343fa844dd2ff64b9e18) Importer(815301076,1909f56bfc062723c751e8b465ee728b)  -> (artifact id: '0ae015c78fb07da4a6e04d92ccaca9ba') in 0.019518 seconds
  Import took 0.022076 seconds .

========================================================================
Received Prepare
Registering precompiled user dll's ...
Registered in 0.000484 seconds.
Begin MonoManager ReloadAssembly
Native extension for WindowsStandalone target not found
Native extension for WebGL target not found
Refreshing native plugins compatible for Editor in 0.32 ms, found 1 plugins.
Preloading 0 native plugins for Editor in 0.00 ms.
Invoked RoslynAnalysisRunner static constructor.
RoslynAnalysisRunner will not be running.
RoslynAnalysisRunner has terminated.
Mono: successfully reloaded assembly
- Completed reload, in  0.847 seconds
Platform modules already initialized, skipping
Refreshing native plugins compatible for Editor in 0.46 ms, found 1 plugins.
Preloading 0 native plugins for Editor in 0.00 ms.
Unloading 1783 Unused Serialized files (Serialized files now loaded: 0)
System memory in use before: 83.9 MB.
System memory in use after: 83.9 MB.

Unloading 12 unused Assets to reduce memory usage. Loaded Objects now: 2240.
Total: 1.964426 ms (FindLiveObjects: 0.197791 ms CreateObjectMapping: 0.037784 ms MarkObjects: 1.637988 ms  DeleteObjects: 0.084717 ms)

========================================================================
Received Prepare
Registering precompiled user dll's ...
Registered in 0.000525 seconds.
Begin MonoManager ReloadAssembly
Native extension for WindowsStandalone target not found
Native extension for WebGL target not found
Refreshing native plugins compatible for Editor in 0.35 ms, found 1 plugins.
Preloading 0 native plugins for Editor in 0.00 ms.
Invoked RoslynAnalysisRunner static constructor.
RoslynAnalysisRunner will not be running.
RoslynAnalysisRunner has terminated.
Mono: successfully reloaded assembly
- Completed reload, in  0.762 seconds
Platform modules already initialized, skipping
Refreshing native plugins compatible for Editor in 0.35 ms, found 1 plugins.
Preloading 0 native plugins for Editor in 0.00 ms.
Unloading 1783 Unused Serialized files (Serialized files now loaded: 0)
System memory in use before: 84.0 MB.
System memory in use after: 84.0 MB.

Unloading 12 unused Assets to reduce memory usage. Loaded Objects now: 2243.
Total: 2.262019 ms (FindLiveObjects: 0.191086 ms CreateObjectMapping: 0.038413 ms MarkObjects: 1.906178 ms  DeleteObjects: 0.119289 ms)

========================================================================
Received Import Request.
  Time since last request: 1789.802684 seconds.
  path: Assets/NetworkedServer.cs
  artifactKey: Guid(2a32208fc33a343fa844dd2ff64b9e18) Importer(815301076,1909f56bfc062723c751e8b465ee728b)
Start importing Assets/NetworkedServer.cs using Guid(2a32208fc33a343fa844dd2ff64b9e18) Importer(815301076,1909f56bfc062723c751e8b465ee728b)  -> (artifact id: '93665b01f904ec042d9869540110dcff') in 0.024440 seconds
  Import took 0.026961 seconds .

========================================================================
Received Prepare
Registering precompiled user dll's ...
Registered in 0.000909 seconds.
Begin MonoManager ReloadAssembly
Native extension for WindowsStandalone target not found
Native extension for WebGL target not found
Refreshing native plugins compatible for Editor in 0.36 ms, found 1 plugins.
Preloading 0 native plugins for Editor in 0.00 ms.
Invoked RoslynAnalysisRunner static constructor.
RoslynAnalysisRunner will not be running.
RoslynAnalysisRunner has terminated.
Mono: successfully reloaded assembly
- Completed reload, in  0.870 seconds
Platform modules already initialized, skipping
Refreshing native plugins compatible for Editor in 0.35 ms, found 1 plugins.
Preloading 0 native plugins for Editor in 0.00 ms.
Unloading 1783 Unused Serialized files (Serialized files now loaded: 0)
System memory in use before: 84.0 MB.
System memory in use after: 84.0 MB.

Unloading 12 unused Assets to reduce memory usage. Loaded Objects now: 2246.
Total: 1.951086 ms (FindLiveObjects: 0.179422 ms CreateObjectMapping: 0.048330 ms MarkObjects: 1.624229 ms  DeleteObjects: 0.090864 ms)

========================================================================
Received Prepare
Registering precompiled user dll's ...
Registered in 0.000698 seconds.
Begin MonoManager ReloadAssembly
Native extension for WindowsStandalone target not found
Native extension for WebGL target not found
Refreshing native plugins compatible for Editor in 0.31 ms, found 1 plugins.
Preloading 0 native plugins for Editor in 0.00 ms.
Invoked RoslynAnalysisRunner static constructor.
RoslynAnalysisRunner will not be running.
RoslynAnalysisRunner has terminated.
Mono: successfully reloaded assembly
- Completed reload, in  0.835 seconds
Platform modules already initialized, skipping
Refreshing native plugins compatible for Editor in 0.31 ms, found 1 plugins.
Preloading 0 native plugins for Editor in 0.00 ms.
Unloading 1783 Unused Serialized files (Serialized files now loaded: 0)
System memory in use before: 84.1 MB.
System memory in use after: 84.1 MB.

Unloading 12 unused Assets to reduce memory usage. Loaded Objects now: 2249.
Total: 2.092654 ms (FindLiveObjects: 0.217137 ms CreateObjectMapping: 0.074311 ms MarkObjects: 1.714603 ms  DeleteObjects: 0.079479 ms)

========================================================================
Received Import Request.
  Time since last request: 1215.244849 seconds.
  path: Assets/NetworkedServer.cs
  artifactKey: Guid(2a32208fc33a343fa844dd2ff64b9e18) Importer(815301076,1909f56bfc062723c751e8b465ee728b)
Start importing Assets/NetworkedServer.cs using Guid(2a32208fc33a343fa844dd2ff64b9e18) Importer(815301076,1909f56bfc062723c751e8b465ee728b)  -> (artifact id: 'eef1046f30735693664905a1022d4c99') in 0.019798 seconds
  Import took 0.022385 seconds .

========================================================================
Received Import Request.
  Time since last request: 0.043079 seconds.
  path: Assets/NetworkedServer.cs
  artifactKey: Guid(2a32208fc33a343fa844dd2ff64b9e18) Importer(815301076,1909f56bfc062723c751e8b465ee728b)
Start importing Assets/NetworkedServer.cs using Guid(2a32208fc33a343fa844dd2ff64b9e18) Importer(815301076,1909f56bfc062723c751e8b465ee728b)  -> (artifact id: 'eef1046f30735693664905a1022d4c99') in 0.018586 seconds
  Import took 0.021017 seconds .

========================================================================
Received Prepare
Registering precompiled user dll's ...
Registered in 0.000591 seconds.
Begin MonoManager ReloadAssembly
Native extension for WindowsStandalone target not found
Native extension for WebGL target not found
Refreshing native plugins compatible for Editor in 0.42 ms, found 1 plugins.
Preloading 0 native plugins for Editor in 0.00 ms.
Invoked RoslynAnalysisRunner static constructor.
RoslynAnalysisRunner will not be running.
RoslynAnalysisRunner has terminated.
Mono: successfully reloaded assembly
- Completed reload, in  0.777 seconds
Platform modules already initialized, skipping
Refreshing native plugins compatible for Editor in 0.32 ms, found 1 plugins.
Preloading 0 native plugins for Editor in 0.00 ms.
Unloading 1783 Unused Serialized files (Serialized files now loaded: 0)
System memory in use before: 84.2 MB.
System memory in use after: 84.2 MB.

Unloading 12 unused Assets to reduce memory usage. Loaded Objects now: 2252.
Total: 2.030146 ms (FindLiveObjects: 0.170273 ms CreateObjectMapping: 0.066698 ms MarkObjects: 1.707968 ms  DeleteObjects: 0.077594 ms)

========================================================================
Received Import Request.
  Time since last request: 437.662838 seconds.
  path: Assets/NetworkedServer.cs
  artifactKey: Guid(2a32208fc33a343fa844dd2ff64b9e18) Importer(815301076,1909f56bfc062723c751e8b465ee728b)
Start importing Assets/NetworkedServer.cs using Guid(2a32208fc33a343fa844dd2ff64b9e18) Importer(815301076,1909f56bfc062723c751e8b465ee728b)  -> (artifact id: '9494eb6366acb885cd3ef630d0245d07') in 0.021040 seconds
  Import took 0.023329 seconds .

========================================================================
Received Prepare
Registering precompiled user dll's ...
Registered in 0.000661 seconds.
Begin MonoManager ReloadAssembly
Native extension for WindowsStandalone target not found
Native extension for WebGL target not found
Refreshing native plugins compatible for Editor in 0.32 ms, found 1 plugins.
Preloading 0 native plugins for Editor in 0.00 ms.
Invoked RoslynAnalysisRunner static constructor.
RoslynAnalysisRunner will not be running.
RoslynAnalysisRunner has terminated.
Mono: successfully reloaded assembly
- Completed reload, in  0.738 seconds
Platform modules already initialized, skipping
Refreshing native plugins compatible for Editor in 0.49 ms, found 1 plugins.
Preloading 0 native plugins for Editor in 0.00 ms.
Unloading 1783 Unused Serialized files (Serialized files now loaded: 0)
System memory in use before: 84.2 MB.
System memory in use after: 84.2 MB.

Unloading 12 unused Assets to reduce memory usage. Loaded Objects now: 2255.
Total: 1.888718 ms (FindLiveObjects: 0.154698 ms CreateObjectMapping: 0.033594 ms MarkObjects: 1.612426 ms  DeleteObjects: 0.081854 ms)

AssetImportWorkerClient::OnTransportError - code=2 error=End of file
